A suitable version of cmake was not found (required v3.25.1) Downloading portable cmake 3.25.1...
Downloading cmake...
https://github.com/Kitware/CMake/releases/download/v3.25.1/cmake-3.25.1-linux-x86_64.tar.gz->/home/masha/code_projects/racing_game/vcpkg/downloads/cmake-3.25.1-linux-x86_64.tar.gz
Extracting cmake...
Detecting compiler hash for triplet x64-linux...
The following packages will be built and installed:
    sdl2[base,core,ibus,wayland,x11]:x64-linux -> 2.26.5
  * vcpkg-cmake[core]:x64-linux -> 2022-12-22
  * vcpkg-cmake-config[core]:x64-linux -> 2022-02-06#1
Additional packages (*) will be modified to complete this operation.
Restored 3 package(s) from /home/masha/.cache/vcpkg/archives in 329 ms. Use --debug to see more details.
Installing 1/3 vcpkg-cmake-config:x64-linux...
Elapsed time to handle vcpkg-cmake-config:x64-linux: 1.11 ms
Installing 2/3 vcpkg-cmake:x64-linux...
Elapsed time to handle vcpkg-cmake:x64-linux: 1.07 ms
Installing 3/3 sdl2:x64-linux...
Elapsed time to handle sdl2:x64-linux: 45.4 ms
Total install time: 377 ms
sdl2 provides CMake targets:

    find_package(SDL2 CONFIG REQUIRED)
    target_link_libraries(main
        PRIVATE
        $<TARGET_NAME_IF_EXISTS:SDL2::SDL2main>
        $<IF:$<TARGET_EXISTS:SDL2::SDL2>,SDL2::SDL2,SDL2::SDL2-static>
    )

