Performing C SOURCE FILE Test CMAKE_HAVE_LIBC_PTHREAD failed with the following output:
Change Dir: /home/masha/code_projects/KT_lessons_4/Project_Races/build/CMakeFiles/CMakeTmp

Run Build Command(s):/usr/bin/make cmTC_b2ccf/fast && /usr/bin/make -f CMakeFiles/cmTC_b2ccf.dir/build.make CMakeFiles/cmTC_b2ccf.dir/build
make[1]: Entering directory '/home/masha/code_projects/KT_lessons_4/Project_Races/build/CMakeFiles/CMakeTmp'
Building C object CMakeFiles/cmTC_b2ccf.dir/src.c.o
/usr/bin/gcc   -DCMAKE_HAVE_LIBC_PTHREAD   -o CMakeFiles/cmTC_b2ccf.dir/src.c.o   -c /home/masha/code_projects/KT_lessons_4/Project_Races/build/CMakeFiles/CMakeTmp/src.c
Linking C executable cmTC_b2ccf
/usr/bin/cmake -E cmake_link_script CMakeFiles/cmTC_b2ccf.dir/link.txt --verbose=1
/usr/bin/gcc  -DCMAKE_HAVE_LIBC_PTHREAD    CMakeFiles/cmTC_b2ccf.dir/src.c.o  -o cmTC_b2ccf 
/usr/bin/ld: CMakeFiles/cmTC_b2ccf.dir/src.c.o: in function `main':
src.c:(.text+0x46): undefined reference to `pthread_create'
/usr/bin/ld: src.c:(.text+0x52): undefined reference to `pthread_detach'
/usr/bin/ld: src.c:(.text+0x63): undefined reference to `pthread_join'
collect2: error: ld returned 1 exit status
make[1]: *** [CMakeFiles/cmTC_b2ccf.dir/build.make:87: cmTC_b2ccf] Error 1
make[1]: Leaving directory '/home/masha/code_projects/KT_lessons_4/Project_Races/build/CMakeFiles/CMakeTmp'
make: *** [Makefile:121: cmTC_b2ccf/fast] Error 2


Source file was:
#include <pthread.h>

void* test_func(void* data)
{
  return data;
}

int main(void)
{
  pthread_t thread;
  pthread_create(&thread, NULL, test_func, NULL);
  pthread_detach(thread);
  pthread_join(thread, NULL);
  pthread_atfork(NULL, NULL, NULL);
  pthread_exit(NULL);

  return 0;
}

Determining if the function pthread_create exists in the pthreads failed with the following output:
Change Dir: /home/masha/code_projects/KT_lessons_4/Project_Races/build/CMakeFiles/CMakeTmp

Run Build Command(s):/usr/bin/make cmTC_0a082/fast && /usr/bin/make -f CMakeFiles/cmTC_0a082.dir/build.make CMakeFiles/cmTC_0a082.dir/build
make[1]: Entering directory '/home/masha/code_projects/KT_lessons_4/Project_Races/build/CMakeFiles/CMakeTmp'
Building C object CMakeFiles/cmTC_0a082.dir/CheckFunctionExists.c.o
/usr/bin/gcc   -DCHECK_FUNCTION_EXISTS=pthread_create   -o CMakeFiles/cmTC_0a082.dir/CheckFunctionExists.c.o   -c /usr/share/cmake-3.16/Modules/CheckFunctionExists.c
Linking C executable cmTC_0a082
/usr/bin/cmake -E cmake_link_script CMakeFiles/cmTC_0a082.dir/link.txt --verbose=1
/usr/bin/gcc  -DCHECK_FUNCTION_EXISTS=pthread_create    CMakeFiles/cmTC_0a082.dir/CheckFunctionExists.c.o  -o cmTC_0a082  -lpthreads 
/usr/bin/ld: cannot find -lpthreads
collect2: error: ld returned 1 exit status
make[1]: *** [CMakeFiles/cmTC_0a082.dir/build.make:87: cmTC_0a082] Error 1
make[1]: Leaving directory '/home/masha/code_projects/KT_lessons_4/Project_Races/build/CMakeFiles/CMakeTmp'
make: *** [Makefile:121: cmTC_0a082/fast] Error 2



